#
# There is insufficient memory for the Java Runtime Environment to continue.
# Native memory allocation (mmap) failed to map 264241152 bytes. Error detail: G1 virtual space
# Possible reasons:
#   The system is out of physical RAM or swap space
#   This process is running with CompressedOops enabled, and the Java Heap may be blocking the growth of the native heap
# Possible solutions:
#   Reduce memory load on the system
#   Increase physical memory or swap space
#   Check if swap backing store is full
#   Decrease Java heap size (-Xmx/-Xms)
#   Decrease number of Java threads
#   Decrease Java thread stack sizes (-Xss)
#   Set larger code cache with -XX:ReservedCodeCacheSize=
#   JVM is running with Zero Based Compressed Oops mode in which the Java heap is
#     placed in the first 32GB address space. The Java Heap base address is the
#     maximum limit for the native heap growth. Please use -XX:HeapBaseMinAddress
#     to set the Java Heap base and to place the Java Heap above 32GB virtual address.
# This output file may be truncated or incomplete.
#
#  Out of Memory Error (os_windows.cpp:3564), pid=43576, tid=8028
#
# JRE version:  (24.0.1+9) (build )
# Java VM: Java HotSpot(TM) 64-Bit Server VM (24.0.1+9-30, mixed mode, sharing, tiered, compressed oops, compressed class ptrs, g1 gc, windows-amd64)
# No core dump will be written. Minidumps are not enabled by default on client versions of Windows
#

---------------  S U M M A R Y ------------

Command Line: --enable-native-access=ALL-UNNAMED 

Host: Intel(R) Core(TM) 7 150U, 12 cores, 15G,  Windows 11 , 64 bit Build 26100 (10.0.26100.5074)
Time: Tue Oct 14 17:59:32 2025 Hora oficial do Brasil elapsed time: 1.100681 seconds (0d 0h 0m 1s)

---------------  T H R E A D  ---------------

Current thread (0x0000022c57372310):  JavaThread "Unknown thread" [_thread_in_vm, id=8028, stack(0x000000c0d1100000,0x000000c0d1200000) (1024K)]

Stack: [0x000000c0d1100000,0x000000c0d1200000]
Native frames: (J=compiled Java code, j=interpreted, Vv=VM code, C=native code)
V  [jvm.dll+0x730739]  (no source info available)
V  [jvm.dll+0x8d9b23]  (no source info available)
V  [jvm.dll+0x8dc00d]  (no source info available)
V  [jvm.dll+0x8dc683]  (no source info available)
V  [jvm.dll+0x2aa086]  (no source info available)
V  [jvm.dll+0x72cc65]  (no source info available)
V  [jvm.dll+0x72059a]  (no source info available)
V  [jvm.dll+0x390cea]  (no source info available)
V  [jvm.dll+0x3989f6]  (no source info available)
V  [jvm.dll+0x38523e]  (no source info available)
V  [jvm.dll+0x3854f8]  (no source info available)
V  [jvm.dll+0x35d0cc]  (no source info available)
V  [jvm.dll+0x35dd8d]  (no source info available)
V  [jvm.dll+0x89d28f]  (no source info available)
V  [jvm.dll+0x3f985d]  (no source info available)
V  [jvm.dll+0x8858e6]  (no source info available)
V  [jvm.dll+0x495f3e]  (no source info available)
V  [jvm.dll+0x497d11]  (no source info available)
C  [jli.dll+0x52a1]  (no source info available)
C  [ucrtbase.dll+0x37b0]  (no source info available)
C  [KERNEL32.DLL+0x2e8d7]  (no source info available)
C  [ntdll.dll+0x8d9c]  (no source info available)

Lock stack of current Java thread (top to bottom):


---------------  P R O C E S S  ---------------

Threads class SMR info:
_java_thread_list=0x00007ffb4df2f318, length=0, elements={
}

Java Threads: ( => current thread )
Total: 0

Other Threads:
  0x0000022c5979fb50 WorkerThread "GC Thread#0"                     [id=34948, stack(0x000000c0d1200000,0x000000c0d1300000) (1024K)]
  0x0000022c597b5580 ConcurrentGCThread "G1 Main Marker"            [id=32656, stack(0x000000c0d1300000,0x000000c0d1400000) (1024K)]
  0x0000022c597b6090 WorkerThread "G1 Conc#0"                       [id=27384, stack(0x000000c0d1400000,0x000000c0d1500000) (1024K)]

[error occurred during error reporting (printing all threads), id 0xc0000005, EXCEPTION_ACCESS_VIOLATION (0xc0000005) at pc=0x00007ffb4d6614ea]
VM state: not at safepoint (not fully initialized)

VM Mutex/Monitor currently owned by a thread:  ([mutex/lock_event])
[0x00007ffb4dfb45b0] Heap_lock - owner thread: 0x0000022c57372310

Heap address: 0x0000000704e00000, size: 4018 MB, Compressed Oops mode: Zero based, Oop shift amount: 3

CDS archive(s) mapped at: [0x0000000000000000-0x0000000000000000-0x0000000000000000), size 0, SharedBaseAddress: 0x0000000800000000, ArchiveRelocationMode: 1.
UseCompressedClassPointers 1, UseCompactObjectHeaders 0
Narrow klass pointer bits 32, Max shift 3
Narrow klass base: 0xffffffffffffffff, Narrow klass shift: -1
Encoding Range: [0xffffffffffffffff - 0x000000007fffffff), (2147483648 bytes)
Klass Range:    [0x0000000000000000 - 0x0000000000000000), (0 bytes)
Klass ID Range:  [4294967295 - 0) (1)

GC Precious Log:
 CardTable entry size: 512
 Card Set container configuration: InlinePtr #cards 4 size 8 Array Of Cards #cards 16 size 48 Howl #buckets 8 coarsen threshold 3686 Howl Bitmap #cards 512 size 80 coarsen threshold 460 Card regions per heap region 1 cards per card region 4096

Heap:
 garbage-first heap   total reserved 4114432K, committed 0K, used 0K [0x0000000704e00000, 0x0000000800000000)
  region size 2048K, 0 young (0K), 0 survivors (0K)

[error occurred during error reporting (printing heap information), id 0xc0000005, EXCEPTION_ACCESS_VIOLATION (0xc0000005) at pc=0x00007ffb4da7e3e9]
GC Heap History (0 events):
No events

Dll operation events (1 events):
Event: 0.023 Loaded shared library C:\Program Files\Java\jdk-24\bin\java.dll

Deoptimization events (0 events):
No events

Classes loaded (0 events):
No events

Classes unloaded (0 events):
No events

Classes redefined (0 events):
No events

Internal exceptions (0 events):
No events

VM Operations (0 events):
No events

Memory protections (0 events):
No events

Nmethod flushes (0 events):
No events

Events (0 events):
No events


Dynamic libraries:
0x00007ff7bf540000 - 0x00007ff7bf550000 	C:\Program Files\Java\jdk-24\bin\java.exe
0x00007ffc9a5a0000 - 0x00007ffc9a809000 	C:\Windows\SYSTEM32\ntdll.dll
0x00007ffc99010000 - 0x00007ffc990d9000 	C:\Windows\System32\KERNEL32.DLL
0x00007ffc97bc0000 - 0x00007ffc97fb3000 	C:\Windows\System32\KERNELBASE.dll
0x00007ffc977c0000 - 0x00007ffc9790b000 	C:\Windows\System32\ucrtbase.dll
0x00007ffc91b90000 - 0x00007ffc91bab000 	C:\Program Files\Java\jdk-24\bin\VCRUNTIME140.dll
0x00007ffc81bb0000 - 0x00007ffc81bc6000 	C:\Program Files\Java\jdk-24\bin\jli.dll
0x00007ffc98370000 - 0x00007ffc98534000 	C:\Windows\System32\USER32.dll
0x00007ffc77af0000 - 0x00007ffc77d83000 	C:\Windows\WinSxS\amd64_microsoft.windows.common-controls_6595b64144ccf1df_6.0.26100.5074_none_3e0d6f78e32fd63f\COMCTL32.dll
0x00007ffc98120000 - 0x00007ffc98147000 	C:\Windows\System32\win32u.dll
0x00007ffc98980000 - 0x00007ffc989ab000 	C:\Windows\System32\GDI32.dll
0x00007ffc99b50000 - 0x00007ffc99bf9000 	C:\Windows\System32\msvcrt.dll
0x00007ffc97a90000 - 0x00007ffc97bbd000 	C:\Windows\System32\gdi32full.dll
0x00007ffc98150000 - 0x00007ffc981f3000 	C:\Windows\System32\msvcp_win.dll
0x00007ffc98fd0000 - 0x00007ffc98fff000 	C:\Windows\System32\IMM32.DLL
0x00007ffc7f830000 - 0x00007ffc7f83c000 	C:\Program Files\Java\jdk-24\bin\vcruntime140_1.dll
0x00007ffc33610000 - 0x00007ffc3369e000 	C:\Program Files\Java\jdk-24\bin\msvcp140.dll
0x00007ffb4d2f0000 - 0x00007ffb4e092000 	C:\Program Files\Java\jdk-24\bin\server\jvm.dll
0x00007ffc99fc0000 - 0x00007ffc9a074000 	C:\Windows\System32\ADVAPI32.dll
0x00007ffc98540000 - 0x00007ffc985e6000 	C:\Windows\System32\sechost.dll
0x00007ffc999c0000 - 0x00007ffc99ad8000 	C:\Windows\System32\RPCRT4.dll
0x00007ffc98f40000 - 0x00007ffc98fb4000 	C:\Windows\System32\WS2_32.dll
0x00007ffc97590000 - 0x00007ffc975ee000 	C:\Windows\SYSTEM32\POWRPROF.dll
0x00007ffc8baa0000 - 0x00007ffc8baab000 	C:\Windows\SYSTEM32\VERSION.dll
0x00007ffc91ed0000 - 0x00007ffc91f05000 	C:\Windows\SYSTEM32\WINMM.dll
0x00007ffc97570000 - 0x00007ffc97584000 	C:\Windows\SYSTEM32\UMPDC.dll
0x00007ffc963a0000 - 0x00007ffc963bb000 	C:\Windows\SYSTEM32\kernel.appcore.dll
0x00007ffc7ef20000 - 0x00007ffc7ef2a000 	C:\Program Files\Java\jdk-24\bin\jimage.dll
0x00007ffc94a70000 - 0x00007ffc94cb2000 	C:\Windows\SYSTEM32\DBGHELP.DLL
0x00007ffc9a140000 - 0x00007ffc9a4bb000 	C:\Windows\System32\combase.dll
0x00007ffc985f0000 - 0x00007ffc986c7000 	C:\Windows\System32\OLEAUT32.dll
0x00007ffc8b740000 - 0x00007ffc8b77d000 	C:\Windows\SYSTEM32\dbgcore.DLL
0x00007ffc98080000 - 0x00007ffc98119000 	C:\Windows\System32\bcryptPrimitives.dll
0x00007ffc6a0f0000 - 0x00007ffc6a10e000 	C:\Program Files\Java\jdk-24\bin\java.dll
0x00007ffc99c00000 - 0x00007ffc99d98000 	C:\Windows\System32\ole32.dll
0x00007ffc99240000 - 0x00007ffc9998d000 	C:\Windows\System32\SHELL32.dll
0x00007ffc98200000 - 0x00007ffc9836c000 	C:\Windows\System32\wintypes.dll

JVMTI agents: none

dbghelp: loaded successfully - version: 4.0.5 - missing functions: none
symbol engine: initialized successfully - sym options: 0x614 - pdb path: .;C:\Program Files\Java\jdk-24\bin;C:\Windows\SYSTEM32;C:\Windows\WinSxS\amd64_microsoft.windows.common-controls_6595b64144ccf1df_6.0.26100.5074_none_3e0d6f78e32fd63f;C:\Program Files\Java\jdk-24\bin\server

VM Arguments:
jvm_args: --enable-native-access=ALL-UNNAMED 
java_command: <unknown>
java_class_path (initial): <not set>
Launcher Type: SUN_STANDARD

[Global flags]
     intx CICompilerCount                          = 4                                         {product} {ergonomic}
     uint ConcGCThreads                            = 3                                         {product} {ergonomic}
     uint G1ConcRefinementThreads                  = 10                                        {product} {ergonomic}
   size_t G1HeapRegionSize                         = 2097152                                   {product} {ergonomic}
   size_t InitialHeapSize                          = 264241152                                 {product} {ergonomic}
   size_t MarkStackSize                            = 4194304                                   {product} {ergonomic}
   size_t MarkStackSizeMax                         = 536870912                                 {product} {ergonomic}
   size_t MaxHeapSize                              = 4213178368                                {product} {ergonomic}
   size_t MinHeapDeltaBytes                        = 2097152                                   {product} {ergonomic}
   size_t MinHeapSize                              = 8388608                                   {product} {ergonomic}
    uintx NonNMethodCodeHeapSize                   = 5832704                                {pd product} {ergonomic}
    uintx NonProfiledCodeHeapSize                  = 122945536                              {pd product} {ergonomic}
    uintx ProfiledCodeHeapSize                     = 122880000                              {pd product} {ergonomic}
    uintx ReservedCodeCacheSize                    = 251658240                              {pd product} {ergonomic}
     bool SegmentedCodeCache                       = true                                      {product} {ergonomic}
   size_t SoftMaxHeapSize                          = 4213178368                             {manageable} {ergonomic}
     bool UseCompressedOops                        = true                           {product lp64_product} {ergonomic}
     bool UseG1GC                                  = true                                      {product} {ergonomic}
     bool UseLargePagesIndividualAllocation        = false                                  {pd product} {ergonomic}

Logging:
Log output configuration:
 #0: stdout all=warning uptime,level,tags foldmultilines=false
 #1: stderr all=off uptime,level,tags foldmultilines=false

Environment Variables:
JAVA_HOME=C:\Program Files\Java\jdk-24
PATH=C:/Users/CaioCezarBezerra/.p2/pool/plugins/org.eclipse.justj.openjdk.hotspot.jre.full.win32.x86_64_21.0.7.v20250502-0916/jre/bin/server;C:/Users/CaioCezarBezerra/.p2/pool/plugins/org.eclipse.justj.openjdk.hotspot.jre.full.win32.x86_64_21.0.7.v20250502-0916/jre/bin;C:\Program Files\Common Files\Oracle\Java\javapath;C:\Python313\Scripts\;C:\Python313\;C:\Windows\system32;C:\Windows;C:\Windows\System32\Wbem;C:\Windows\System32\WindowsPowerShell\v1.0\;C:\Windows\System32\OpenSSH\;C:\Program Files (x86)\NVIDIA Corporation\PhysX\Common;C:\Program Files\dotnet\;C:\Program Files\NVIDIA Corporation\NVIDIA NvDLISR;C:\Program Files\Git\cmd;C:\Program Files\Microsoft SQL Server\150\Tools\Binn\;C:\Program Files\Microsoft SQL Server\Client SDK\ODBC\170\Tools\Binn\;C:\Program Files\nodejs\;C:\ProgramData\chocolatey\bin;C:\flutter\bin;C:\Program Files (x86)\Windows Kits\10\Windows Performance Toolkit\;C:\Program Files\Java\jdk-17\bin;C:\Program Files\Java\jdk-24\bin\bin;C:\maven\maven-mvnd-1.0.3-windows-amd64\mvn\bin;C:\Users\CaioCezarBezerra\AppData\Local\Microsoft\WindowsApps;C:\Users\CaioCezarBezerra\AppData\Roaming\npm;C:\Users\CaioCezarBezerra\AppData\Local\Programs\Microsoft VS Code\bin;C:\tools\dart-sdk\bin;C:\Users\CaioCezarBezerra\AppData\Local\Pub\Cache\bin;C:\Users\CaioCezarBezerra\.dotnet\tools;C:\Program Files\Java\jdk-17\;C:\maven\maven-mvnd-1.0.3-windows-amd64\mvn;;C:\;
USERNAME=CaioCezarBezerra
TERM=xterm
OS=Windows_NT
PROCESSOR_IDENTIFIER=Intel64 Family 6 Model 186 Stepping 3, GenuineIntel
TMP=C:\Users\CAIOCE~1\AppData\Local\Temp
TEMP=C:\Users\CAIOCE~1\AppData\Local\Temp




Periodic native trim disabled

---------------  S Y S T E M  ---------------

OS:
 Windows 11 , 64 bit Build 26100 (10.0.26100.5074)
OS uptime: 3 days 14:13 hours
Hyper-V role detected

CPU: total 12 (initial active 12) (6 cores per cpu, 2 threads per core) family 6 model 186 stepping 3 microcode 0x4128, cx8, cmov, fxsr, ht, mmx, 3dnowpref, sse, sse2, sse3, ssse3, sse4.1, sse4.2, popcnt, lzcnt, tsc, tscinvbit, avx, avx2, aes, erms, clmul, bmi1, bmi2, adx, sha, fma, vzeroupper, clflush, clflushopt, clwb, hv, serialize, rdtscp, rdpid, fsrm, gfni, f16c, cet_ibt, cet_ss
Processor Information for processor 0
  Max Mhz: 1800, Current Mhz: 1800, Mhz Limit: 1800
Processor Information for processor 1
  Max Mhz: 1800, Current Mhz: 1800, Mhz Limit: 1800
Processor Information for processor 2
  Max Mhz: 1800, Current Mhz: 1800, Mhz Limit: 1800
Processor Information for processor 3
  Max Mhz: 1800, Current Mhz: 1800, Mhz Limit: 1800
Processor Information for processor 4
  Max Mhz: 1800, Current Mhz: 1800, Mhz Limit: 1800
Processor Information for processor 5
  Max Mhz: 1800, Current Mhz: 1800, Mhz Limit: 1800
Processor Information for processor 6
  Max Mhz: 1800, Current Mhz: 1500, Mhz Limit: 1800
Processor Information for processor 7
  Max Mhz: 1800, Current Mhz: 1800, Mhz Limit: 1800
Processor Information for processor 8
  Max Mhz: 1800, Current Mhz: 1800, Mhz Limit: 1800
Processor Information for processor 9
  Max Mhz: 1800, Current Mhz: 1800, Mhz Limit: 1800
Processor Information for processor 10
  Max Mhz: 1800, Current Mhz: 1800, Mhz Limit: 1800
Processor Information for processor 11
  Max Mhz: 1800, Current Mhz: 1500, Mhz Limit: 1800

Memory: 4k page, system-wide physical 16068M (408M free)
TotalPageFile size 65220M (AvailPageFile size 231M)
current process WorkingSet (physical memory assigned to process): 13M, peak: 13M
current process commit charge ("private bytes"): 65M, peak: 316M

vm_info: Java HotSpot(TM) 64-Bit Server VM (24.0.1+9-30) for windows-amd64 JRE (24.0.1+9-30), built on 2025-03-05T07:23:45Z with MS VC++ 17.6 (VS2022)

END.
